<?xml version="1.0" encoding="UTF-8"?>
<!-- Generated by org.testng.reporters.JUnitReportReporter -->
<testsuite hostname="DESKTOP-GFITAOK" failures="0" tests="1" name="com.tests.LoginPageTest" time="30.981" errors="0" timestamp="2024-05-31T23:09:27 IST" skipped="0">
  <testcase classname="com.tests.LoginPageTest" name="pageUrl" time="30.981"/>
</testsuite> <!-- com.tests.LoginPageTest -->
