<?xml version="1.0" encoding="UTF-8"?>
<!-- Generated by org.testng.reporters.JUnitReportReporter -->
<testsuite hostname="DESKTOP-GFITAOK" failures="0" tests="3" name="com.tests.LoginPageTest" time="4.560" errors="0" timestamp="2024-06-10T16:53:11 IST" skipped="0">
  <testcase classname="com.tests.LoginPageTest" name="invalidloginTest" time="2.852"/>
  <testcase classname="com.tests.LoginPageTest" name="pageUrl" time="0.058"/>
  <testcase classname="com.tests.LoginPageTest" name="loginTest" time="1.650"/>
</testsuite> <!-- com.tests.LoginPageTest -->
